TN:
SF:script/DeployMyDAO.s.sol
FN:11,DeployDAO.run
FNDA:15,DeployDAO.run
DA:13,15
DA:13,15
DA:16,15
DA:16,15
DA:16,15
DA:17,15
DA:17,15
DA:20,15
DA:20,15
DA:20,15
DA:21,15
DA:21,15
DA:24,15
DA:24,15
DA:26,15
DA:26,15
FNF:1
FNH:1
LF:7
LH:7
BRF:0
BRH:0
end_of_record
TN:
SF:src/DAO.sol
FN:39,DAO.
FNDA:0,DAO.
DA:40,0
DA:40,0
BRDA:40,0,0,-
BRDA:40,0,1,-
DA:41,0
DA:41,0
FN:44,DAO.createProposal
FNDA:14,DAO.createProposal
DA:49,14
DA:49,14
BRDA:49,1,0,1
BRDA:49,1,1,13
DA:50,13
DA:50,13
BRDA:50,2,0,1
BRDA:50,2,1,12
DA:52,12
DA:52,12
DA:54,12
DA:54,12
DA:54,12
DA:56,12
DA:56,12
DA:57,12
DA:57,12
DA:58,12
DA:58,12
DA:59,12
DA:59,12
DA:60,12
DA:60,12
DA:61,12
DA:61,12
DA:62,12
DA:62,12
DA:63,12
DA:63,12
DA:65,12
DA:65,12
DA:73,12
DA:73,12
FN:76,DAO.castVote
FNDA:9,DAO.castVote
DA:77,9
DA:77,9
BRDA:77,3,0,1
BRDA:77,3,1,8
DA:81,8
DA:81,8
DA:82,8
DA:82,8
BRDA:82,4,0,1
BRDA:82,4,1,7
DA:83,7
DA:83,7
BRDA:83,5,0,1
BRDA:83,5,1,6
DA:84,6
DA:84,6
BRDA:84,6,0,1
BRDA:84,6,1,5
DA:85,5
DA:85,5
BRDA:85,7,0,1
BRDA:85,7,1,4
DA:90,4
DA:90,4
DA:90,4
DA:92,4
DA:92,4
DA:94,4
BRDA:94,8,0,3
BRDA:94,8,1,1
DA:95,3
DA:95,3
DA:97,1
DA:97,1
DA:100,4
DA:100,4
FN:103,DAO.executeProposal
FNDA:2,DAO.executeProposal
DA:104,2
DA:104,2
BRDA:104,9,0,-
BRDA:104,9,1,2
DA:108,2
DA:108,2
DA:109,2
DA:109,2
DA:111,2
DA:111,2
FN:114,DAO.getProposal
FNDA:4,DAO.getProposal
DA:129,4
DA:129,4
DA:130,4
DA:130,4
FNF:5
FNH:4
LF:34
LH:32
BRF:20
BRH:17
end_of_record
TN:
SF:src/TokenDAO.sol
FN:7,TokenDAO.
FNDA:0,TokenDAO.
DA:8,0
DA:8,0
FNF:1
FNH:0
LF:1
LH:0
BRF:0
BRH:0
end_of_record
